<?xml version="1.0" encoding="UTF-8"?>
<!-- Generated by org.testng.reporters.JUnitXMLReporter -->
<testsuite ignored="0" hostname="Amitesh" failures="0" tests="3" name="Default test" time="5.196" errors="0" timestamp="2024-03-20T19:09:33 IST">
  <testcase classname="TestCases.Chkbox2Test" name="testcase1" time="2.295"/>
  <testcase classname="TestCases.Chkbox2Test" name="testcase2" time="0.109"/>
  <testcase classname="TestCases.Chkbox2Test" name="testcase3" time="0.067"/>
</testsuite> <!-- Default test -->
