<?xml version="1.0" encoding="UTF-8"?>
<!-- Generated by org.testng.reporters.JUnitXMLReporter -->
<testsuite ignored="0" hostname="Amitesh" failures="2" tests="6" name="Test" time="10.91" errors="0" timestamp="2024-03-21T10:40:04 IST">
  <testcase classname="TestCases.Chkbox2Test" name="testcase1" time="1.987"/>
  <testcase classname="TestCases.Chkbox2Test" name="testcase2" time="0.108"/>
  <testcase classname="TestCases.Chkbox2Test" name="testcase3" time="0.066">
    <failure type="java.lang.AssertionError" message="expected [true] but found [false]">
      <![CDATA[java.lang.AssertionError: expected [true] but found [false]
at TestCases.Chkbox2Test.testcase3(Chkbox2Test.java:66)
at java.base/java.util.ArrayList.forEach(ArrayList.java:1596)
... Removed 29 stack frames]]>
    </failure>
  </testcase> <!-- testcase3 -->
  <testcase classname="TestCases.Chkbox2Test2" name="testcase1" time="1.975"/>
  <testcase classname="TestCases.Chkbox2Test2" name="testcase2" time="0.128"/>
  <testcase classname="TestCases.Chkbox2Test2" name="testcase3" time="0.071">
    <failure type="java.lang.AssertionError" message="expected [true] but found [false]">
      <![CDATA[java.lang.AssertionError: expected [true] but found [false]
at TestCases.Chkbox2Test2.testcase3(Chkbox2Test2.java:67)
at java.base/java.util.ArrayList.forEach(ArrayList.java:1596)
... Removed 29 stack frames]]>
    </failure>
  </testcase> <!-- testcase3 -->
</testsuite> <!-- Test -->
